#
# There is insufficient memory for the Java Runtime Environment to continue.
# Native memory allocation (malloc) failed to allocate 1870192 bytes for Chunk::new
# Possible reasons:
#   The system is out of physical RAM or swap space
#   In 32 bit mode, the process size limit was hit
# Possible solutions:
#   Reduce memory load on the system
#   Increase physical memory or swap space
#   Check if swap backing store is full
#   Use 64 bit Java on a 64 bit OS
#   Decrease Java heap size (-Xmx/-Xms)
#   Decrease number of Java threads
#   Decrease Java thread stack sizes (-Xss)
#   Set larger code cache with -XX:ReservedCodeCacheSize=
# This output file may be truncated or incomplete.
#
#  Out of Memory Error (allocation.cpp:390), pid=22640, tid=0x0000000000000824
#
# JRE version: Java(TM) SE Runtime Environment (8.0_162-b12) (build 1.8.0_162-b12)
# Java VM: Java HotSpot(TM) 64-Bit Server VM (25.162-b12 mixed mode windows-amd64 compressed oops)
# Failed to write core dump. Minidumps are not enabled by default on client versions of Windows
#

---------------  T H R E A D  ---------------

Current thread (0x00000000152f7800):  JavaThread "C2 CompilerThread1" daemon [_thread_in_native, id=2084, stack(0x0000000016a30000,0x0000000016b30000)]

Stack: [0x0000000016a30000,0x0000000016b30000]
[error occurred during error reporting (printing stack bounds), id 0xc0000005]

Native frames: (J=compiled Java code, j=interpreted, Vv=VM code, C=native code)


Current CompileTask:
C2:  11257 4621       4       com.sun.beans.TypeResolver::resolve (37 bytes)


---------------  P R O C E S S  ---------------

Java Threads: ( => current thread )
  0x0000000018037000 JavaThread "Cache worker for task history cache (C:\Users\EmilioFerreiras\Documents\GitHub\practica12\.gradle\3.5\taskHistory)" [_thread_blocked, id=6860, stack(0x000000001f140000,0x000000001f240000)]
  0x0000000018034800 JavaThread "Memory manager" [_thread_blocked, id=21232, stack(0x000000001f040000,0x000000001f140000)]
  0x0000000018033000 JavaThread "Cache worker for Artifact transforms cache (C:\Users\EmilioFerreiras\.gradle\caches\transforms-1)" [_thread_blocked, id=13304, stack(0x000000001c320000,0x000000001c420000)]
  0x0000000018034000 JavaThread "File lock request listener" [_thread_in_native, id=16260, stack(0x0000000019c80000,0x0000000019d80000)]
  0x0000000018035800 JavaThread "Cache worker for file hash cache (C:\Users\EmilioFerreiras\.gradle\caches\3.5\fileHashes)" [_thread_blocked, id=20400, stack(0x0000000019b80000,0x0000000019c80000)]
  0x000000001812c800 JavaThread "Stdin handler" [_thread_blocked, id=24564, stack(0x0000000019a80000,0x0000000019b80000)]
  0x000000001812b800 JavaThread "Asynchronous log dispatcher for DefaultDaemonConnection: socket connection from /127.0.0.1:4509 to /127.0.0.1:4510" [_thread_blocked, id=8188, stack(0x0000000019980000,0x0000000019a80000)]
  0x0000000018128800 JavaThread "Daemon worker" [_thread_in_native, id=13872, stack(0x0000000019880000,0x0000000019980000)]
  0x0000000017acc000 JavaThread "Cancel handler" [_thread_blocked, id=23004, stack(0x0000000019780000,0x0000000019880000)]
  0x000000001835b000 JavaThread "Handler for socket connection from /127.0.0.1:4509 to /127.0.0.1:4510" [_thread_in_native, id=23368, stack(0x0000000019480000,0x0000000019580000)]
  0x0000000018358800 JavaThread "Daemon" [_thread_blocked, id=24032, stack(0x0000000019380000,0x0000000019480000)]
  0x00000000182e7800 JavaThread "Daemon periodic checks" [_thread_blocked, id=9532, stack(0x0000000019280000,0x0000000019380000)]
  0x0000000018070000 JavaThread "Incoming local TCP Connector on port 4509" [_thread_in_native, id=9736, stack(0x0000000019040000,0x0000000019140000)]
  0x0000000018268800 JavaThread "Daemon health stats" [_thread_blocked, id=24192, stack(0x0000000018d40000,0x0000000018e40000)]
  0x0000000016c66800 JavaThread "Service Thread" daemon [_thread_blocked, id=22816, stack(0x0000000017030000,0x0000000017130000)]
  0x00000000152ff000 JavaThread "C1 CompilerThread2" daemon [_thread_blocked, id=13364, stack(0x0000000016b30000,0x0000000016c30000)]
=>0x00000000152f7800 JavaThread "C2 CompilerThread1" daemon [_thread_in_native, id=2084, stack(0x0000000016a30000,0x0000000016b30000)]
  0x00000000152f2000 JavaThread "C2 CompilerThread0" daemon [_thread_in_native, id=15756, stack(0x0000000016930000,0x0000000016a30000)]
  0x00000000152ef800 JavaThread "Attach Listener" daemon [_thread_blocked, id=22716, stack(0x0000000016830000,0x0000000016930000)]
  0x00000000152ec800 JavaThread "Signal Dispatcher" daemon [_thread_blocked, id=11024, stack(0x0000000016730000,0x0000000016830000)]
  0x0000000002b6d800 JavaThread "Finalizer" daemon [_thread_blocked, id=19844, stack(0x0000000016540000,0x0000000016640000)]
  0x0000000002b64000 JavaThread "Reference Handler" daemon [_thread_blocked, id=24304, stack(0x0000000016440000,0x0000000016540000)]
  0x0000000002a73800 JavaThread "main" [_thread_blocked, id=19868, stack(0x0000000002900000,0x0000000002a00000)]

Other Threads:
  0x00000000152b6800 VMThread [stack: 0x0000000016340000,0x0000000016440000] [id=14228]
  0x0000000016c78800 WatcherThread [stack: 0x0000000017130000,0x0000000017230000] [id=9680]

VM state:not at safepoint (normal execution)

VM Mutex/Monitor currently owned by a thread: None

Heap:
 PSYoungGen      total 128512K, used 80424K [0x00000000eab00000, 0x00000000f3500000, 0x0000000100000000)
  eden space 117760K, 68% used [0x00000000eab00000,0x00000000ef98a0a0,0x00000000f1e00000)
  from space 10752K, 0% used [0x00000000f2a80000,0x00000000f2a80000,0x00000000f3500000)
  to   space 11776K, 0% used [0x00000000f1e00000,0x00000000f1e00000,0x00000000f2980000)
 ParOldGen       total 50688K, used 22284K [0x00000000c0000000, 0x00000000c3180000, 0x00000000eab00000)
  object space 50688K, 43% used [0x00000000c0000000,0x00000000c15c3368,0x00000000c3180000)
 Metaspace       used 38432K, capacity 39410K, committed 39512K, reserved 1083392K
  class space    used 5478K, capacity 5729K, committed 5760K, reserved 1048576K

Card table byte_map: [0x0000000011fe0000,0x00000000121f0000] byte_map_base: 0x00000000119e0000

Marking Bits: (ParMarkBitMap*) 0x0000000062630860
 Begin Bits: [0x0000000012750000, 0x0000000013750000)
 End Bits:   [0x0000000013750000, 0x0000000014750000)

Polling page: 0x0000000002a00000

CodeCache: size=245760Kb used=15234Kb max_used=15234Kb free=230525Kb
 bounds [0x0000000002c20000, 0x0000000003b10000, 0x0000000011c20000]
 total_blobs=5106 nmethods=4424 adapters=594
 compilation: enabled

Compilation events (10 events):
Event: 11.221 Thread 0x00000000152ff000 4689       3       org.gradle.api.internal.artifacts.ivyservice.modulecache.DefaultCachedMetaData::isMissing (13 bytes)
Event: 11.221 Thread 0x00000000152ff000 nmethod 4689 0x0000000003b09c90 code [0x0000000003b09de0, 0x0000000003b09f90]
Event: 11.221 Thread 0x00000000152ff000 4690       3       org.gradle.api.internal.artifacts.ivyservice.modulecache.DefaultCachedMetaData::getAgeMillis (5 bytes)
Event: 11.221 Thread 0x00000000152ff000 nmethod 4690 0x0000000003b0a010 code [0x0000000003b0a160, 0x0000000003b0a2b0]
Event: 11.233 Thread 0x00000000152ff000 4691       3       org.gradle.api.internal.artifacts.ivyservice.resolveengine.graph.DependencyGraphBuilder$ConfigurationNode::isExcluded (90 bytes)
Event: 11.235 Thread 0x00000000152ff000 nmethod 4691 0x0000000003b0a350 code [0x0000000003b0a640, 0x0000000003b0bd88]
Event: 11.235 Thread 0x00000000152ff000 4692       3       io.spring.gradle.dependencymanagement.internal.DependencyManagementContainer::dependencyManagementForConfiguration (58 bytes)
Event: 11.235 Thread 0x00000000152ff000 nmethod 4692 0x0000000003b0ca50 code [0x0000000003b0cbe0, 0x0000000003b0d108]
Event: 11.239 Thread 0x00000000152ff000 4693       3       org.gradle.api.internal.project.DefaultProject::getPath (8 bytes)
Event: 11.239 Thread 0x00000000152ff000 nmethod 4693 0x0000000003b0d290 code [0x0000000003b0d400, 0x0000000003b0d5f0]

GC Heap History (10 events):
Event: 6.458 GC heap before
{Heap before GC invocations=8 (full 1):
 PSYoungGen      total 71168K, used 67178K [0x00000000eab00000, 0x00000000efe00000, 0x0000000100000000)
  eden space 63488K, 100% used [0x00000000eab00000,0x00000000ee900000,0x00000000ee900000)
  from space 7680K, 48% used [0x00000000ef680000,0x00000000efa1a980,0x00000000efe00000)
  to   space 10752K, 0% used [0x00000000ee900000,0x00000000ee900000,0x00000000ef380000)
 ParOldGen       total 50688K, used 9550K [0x00000000c0000000, 0x00000000c3180000, 0x00000000eab00000)
  object space 50688K, 18% used [0x00000000c0000000,0x00000000c09538d0,0x00000000c3180000)
 Metaspace       used 27141K, capacity 27708K, committed 27904K, reserved 1073152K
  class space    used 3866K, capacity 4017K, committed 4096K, reserved 1048576K
Event: 6.468 GC heap after
Heap after GC invocations=8 (full 1):
 PSYoungGen      total 74240K, used 7322K [0x00000000eab00000, 0x00000000f3500000, 0x0000000100000000)
  eden space 63488K, 0% used [0x00000000eab00000,0x00000000eab00000,0x00000000ee900000)
  from space 10752K, 68% used [0x00000000ee900000,0x00000000ef026b20,0x00000000ef380000)
  to   space 10752K, 0% used [0x00000000f2a80000,0x00000000f2a80000,0x00000000f3500000)
 ParOldGen       total 50688K, used 9558K [0x00000000c0000000, 0x00000000c3180000, 0x00000000eab00000)
  object space 50688K, 18% used [0x00000000c0000000,0x00000000c09558d0,0x00000000c3180000)
 Metaspace       used 27141K, capacity 27708K, committed 27904K, reserved 1073152K
  class space    used 3866K, capacity 4017K, committed 4096K, reserved 1048576K
}
Event: 7.640 GC heap before
{Heap before GC invocations=9 (full 1):
 PSYoungGen      total 74240K, used 70810K [0x00000000eab00000, 0x00000000f3500000, 0x0000000100000000)
  eden space 63488K, 100% used [0x00000000eab00000,0x00000000ee900000,0x00000000ee900000)
  from space 10752K, 68% used [0x00000000ee900000,0x00000000ef026b20,0x00000000ef380000)
  to   space 10752K, 0% used [0x00000000f2a80000,0x00000000f2a80000,0x00000000f3500000)
 ParOldGen       total 50688K, used 9558K [0x00000000c0000000, 0x00000000c3180000, 0x00000000eab00000)
  object space 50688K, 18% used [0x00000000c0000000,0x00000000c09558d0,0x00000000c3180000)
 Metaspace       used 30536K, capacity 31072K, committed 31360K, reserved 1077248K
  class space    used 4330K, capacity 4474K, committed 4480K, reserved 1048576K
Event: 7.658 GC heap after
Heap after GC invocations=9 (full 1):
 PSYoungGen      total 128512K, used 9086K [0x00000000eab00000, 0x00000000f3500000, 0x0000000100000000)
  eden space 117760K, 0% used [0x00000000eab00000,0x00000000eab00000,0x00000000f1e00000)
  from space 10752K, 84% used [0x00000000f2a80000,0x00000000f335f9b8,0x00000000f3500000)
  to   space 11776K, 0% used [0x00000000f1e00000,0x00000000f1e00000,0x00000000f2980000)
 ParOldGen       total 50688K, used 9566K [0x00000000c0000000, 0x00000000c3180000, 0x00000000eab00000)
  object space 50688K, 18% used [0x00000000c0000000,0x00000000c09578d0,0x00000000c3180000)
 Metaspace       used 30536K, capacity 31072K, committed 31360K, reserved 1077248K
  class space    used 4330K, capacity 4474K, committed 4480K, reserved 1048576K
}
Event: 8.989 GC heap before
{Heap before GC invocations=10 (full 1):
 PSYoungGen      total 128512K, used 126846K [0x00000000eab00000, 0x00000000f3500000, 0x0000000100000000)
  eden space 117760K, 100% used [0x00000000eab00000,0x00000000f1e00000,0x00000000f1e00000)
  from space 10752K, 84% used [0x00000000f2a80000,0x00000000f335f9b8,0x00000000f3500000)
  to   space 11776K, 0% used [0x00000000f1e00000,0x00000000f1e00000,0x00000000f2980000)
 ParOldGen       total 50688K, used 9566K [0x00000000c0000000, 0x00000000c3180000, 0x00000000eab00000)
  object space 50688K, 18% used [0x00000000c0000000,0x00000000c09578d0,0x00000000c3180000)
 Metaspace       used 34449K, capacity 35112K, committed 35416K, reserved 1079296K
  class space    used 4961K, capacity 5173K, committed 5248K, reserved 1048576K
Event: 9.023 GC heap after
Heap after GC invocations=10 (full 1):
 PSYoungGen      total 129536K, used 11760K [0x00000000eab00000, 0x00000000f3500000, 0x0000000100000000)
  eden space 117760K, 0% used [0x00000000eab00000,0x00000000eab00000,0x00000000f1e00000)
  from space 11776K, 99% used [0x00000000f1e00000,0x00000000f297c010,0x00000000f2980000)
  to   space 10752K, 0% used [0x00000000f2a80000,0x00000000f2a80000,0x00000000f3500000)
 ParOldGen       total 50688K, used 15096K [0x00000000c0000000, 0x00000000c3180000, 0x00000000eab00000)
  object space 50688K, 29% used [0x00000000c0000000,0x00000000c0ebe3b8,0x00000000c3180000)
 Metaspace       used 34449K, capacity 35112K, committed 35416K, reserved 1079296K
  class space    used 4961K, capacity 5173K, committed 5248K, reserved 1048576K
}
Event: 9.062 GC heap before
{Heap before GC invocations=11 (full 1):
 PSYoungGen      total 129536K, used 18556K [0x00000000eab00000, 0x00000000f3500000, 0x0000000100000000)
  eden space 117760K, 5% used [0x00000000eab00000,0x00000000eb1a30b8,0x00000000f1e00000)
  from space 11776K, 99% used [0x00000000f1e00000,0x00000000f297c010,0x00000000f2980000)
  to   space 10752K, 0% used [0x00000000f2a80000,0x00000000f2a80000,0x00000000f3500000)
 ParOldGen       total 50688K, used 15096K [0x00000000c0000000, 0x00000000c3180000, 0x00000000eab00000)
  object space 50688K, 29% used [0x00000000c0000000,0x00000000c0ebe3b8,0x00000000c3180000)
 Metaspace       used 34523K, capacity 35266K, committed 35416K, reserved 1079296K
  class space    used 4978K, capacity 5247K, committed 5248K, reserved 1048576K
Event: 9.094 GC heap after
Heap after GC invocations=11 (full 1):
 PSYoungGen      total 128512K, used 7216K [0x00000000eab00000, 0x00000000f3500000, 0x0000000100000000)
  eden space 117760K, 0% used [0x00000000eab00000,0x00000000eab00000,0x00000000f1e00000)
  from space 10752K, 67% used [0x00000000f2a80000,0x00000000f318c010,0x00000000f3500000)
  to   space 11776K, 0% used [0x00000000f1e00000,0x00000000f1e00000,0x00000000f2980000)
 ParOldGen       total 50688K, used 20304K [0x00000000c0000000, 0x00000000c3180000, 0x00000000eab00000)
  object space 50688K, 40% used [0x00000000c0000000,0x00000000c13d4138,0x00000000c3180000)
 Metaspace       used 34523K, capacity 35266K, committed 35416K, reserved 1079296K
  class space    used 4978K, capacity 5247K, committed 5248K, reserved 1048576K
}
Event: 9.094 GC heap before
{Heap before GC invocations=12 (full 2):
 PSYoungGen      total 128512K, used 7216K [0x00000000eab00000, 0x00000000f3500000, 0x0000000100000000)
  eden space 117760K, 0% used [0x00000000eab00000,0x00000000eab00000,0x00000000f1e00000)
  from space 10752K, 67% used [0x00000000f2a80000,0x00000000f318c010,0x00000000f3500000)
  to   space 11776K, 0% used [0x00000000f1e00000,0x00000000f1e00000,0x00000000f2980000)
 ParOldGen       total 50688K, used 20304K [0x00000000c0000000, 0x00000000c3180000, 0x00000000eab00000)
  object space 50688K, 40% used [0x00000000c0000000,0x00000000c13d4138,0x00000000c3180000)
 Metaspace       used 34523K, capacity 35266K, committed 35416K, reserved 1079296K
  class space    used 4978K, capacity 5247K, committed 5248K, reserved 1048576K
Event: 9.386 GC heap after
Heap after GC invocations=12 (full 2):
 PSYoungGen      total 128512K, used 0K [0x00000000eab00000, 0x00000000f3500000, 0x0000000100000000)
  eden space 117760K, 0% used [0x00000000eab00000,0x00000000eab00000,0x00000000f1e00000)
  from space 10752K, 0% used [0x00000000f2a80000,0x00000000f2a80000,0x00000000f3500000)
  to   space 11776K, 0% used [0x00000000f1e00000,0x00000000f1e00000,0x00000000f2980000)
 ParOldGen       total 50688K, used 22284K [0x00000000c0000000, 0x00000000c3180000, 0x00000000eab00000)
  object space 50688K, 43% used [0x00000000c0000000,0x00000000c15c3368,0x00000000c3180000)
 Metaspace       used 34523K, capacity 35266K, committed 35416K, reserved 1079296K
  class space    used 4978K, capacity 5247K, committed 5248K, reserved 1048576K
}

Deoptimization events (10 events):
Event: 10.110 Thread 0x0000000018128800 Uncommon trap: reason=unstable_if action=reinterpret pc=0x000000000397ece4 method=io.spring.gradle.dependencymanagement.org.codehaus.plexus.util.xml.pull.MXParser.more()C @ 8
Event: 10.161 Thread 0x0000000018128800 Uncommon trap: reason=class_check action=maybe_recompile pc=0x0000000003433c50 method=java.util.regex.Matcher.getTextLength()I @ 4
Event: 10.161 Thread 0x0000000018128800 Uncommon trap: reason=class_check action=maybe_recompile pc=0x00000000034b46d8 method=java.util.regex.Matcher.search(I)Z @ 86
Event: 10.255 Thread 0x0000000018128800 Uncommon trap: reason=unstable_if action=reinterpret pc=0x0000000003a0e350 method=io.spring.gradle.dependencymanagement.org.apache.maven.model.interpolation.StringSearchModelInterpolator$InterpolateObjectAction.isQualifiedForInterpolation(Ljava/lang/refle
Event: 10.305 Thread 0x0000000018128800 Uncommon trap: reason=class_check action=maybe_recompile pc=0x0000000003433c50 method=java.util.regex.Matcher.getTextLength()I @ 4
Event: 10.305 Thread 0x0000000018128800 Uncommon trap: reason=class_check action=maybe_recompile pc=0x00000000034b46d8 method=java.util.regex.Matcher.search(I)Z @ 86
Event: 10.334 Thread 0x0000000018128800 Uncommon trap: reason=unstable_if action=reinterpret pc=0x00000000039d3e94 method=io.spring.gradle.dependencymanagement.org.codehaus.plexus.util.xml.pull.MXParser.nextImpl()I @ 871
Event: 10.435 Thread 0x0000000018128800 Uncommon trap: reason=null_check action=make_not_entrant pc=0x0000000003a5b924 method=io.spring.gradle.dependencymanagement.org.apache.maven.model.io.xpp3.MavenXpp3Reader.checkFieldWithDuplicate(Lio/spring/gradle/dependencymanagement/org/codehaus/plexus/u
Event: 10.755 Thread 0x0000000018128800 Uncommon trap: reason=class_check action=maybe_recompile pc=0x00000000037dc9b8 method=com.google.common.collect.AbstractMapBasedMultimap$WrappedCollection.refreshIfEmpty()V @ 59
Event: 10.755 Thread 0x0000000018128800 Uncommon trap: reason=class_check action=maybe_recompile pc=0x00000000037dc9b8 method=com.google.common.collect.AbstractMapBasedMultimap$WrappedCollection.refreshIfEmpty()V @ 59

Classes redefined (0 events):
No events

Internal exceptions (10 events):
Event: 10.828 Thread 0x0000000018128800 Exception <a 'java/lang/ClassNotFoundException': org/gradle/api/internal/file/copy/CopySpecWrapper_DecoratedCustomizer> (0x00000000ef470288) thrown at [C:\re\workspace\8-2-build-windows-amd64-cygwin\jdk8u162\10278\hotspot\src\share\vm\classfile\systemDict
Event: 10.839 Thread 0x0000000018128800 Exception <a 'java/lang/ClassNotFoundException': org/gradle/api/plugins/WarPluginBeanInfo> (0x00000000ef51da10) thrown at [C:\re\workspace\8-2-build-windows-amd64-cygwin\jdk8u162\10278\hotspot\src\share\vm\classfile\systemDictionary.cpp, line 210]
Event: 10.840 Thread 0x0000000018128800 Exception <a 'java/lang/ClassNotFoundException': org/gradle/api/plugins/WarPluginCustomizer> (0x00000000ef537fe8) thrown at [C:\re\workspace\8-2-build-windows-amd64-cygwin\jdk8u162\10278\hotspot\src\share\vm\classfile\systemDictionary.cpp, line 210]
Event: 10.846 Thread 0x0000000018128800 Exception <a 'java/lang/ClassNotFoundException': groovy/runtime/metaclass/[Lorg/gradle/api/artifacts/Configuration;MetaClass> (0x00000000ef58e348) thrown at [C:\re\workspace\8-2-build-windows-amd64-cygwin\jdk8u162\10278\hotspot\src\share\vm\prims\jni.cpp,
Event: 10.847 Thread 0x0000000018128800 Exception <a 'java/lang/ClassNotFoundException': [Lorg/gradle/api/artifacts/Configuration;BeanInfo> (0x00000000ef593fe8) thrown at [C:\re\workspace\8-2-build-windows-amd64-cygwin\jdk8u162\10278\hotspot\src\share\vm\prims\jni.cpp, line 735]
Event: 10.847 Thread 0x0000000018128800 Exception <a 'java/lang/ClassNotFoundException': [Lorg/gradle/api/artifacts/Configuration;BeanInfo> (0x00000000ef594a28) thrown at [C:\re\workspace\8-2-build-windows-amd64-cygwin\jdk8u162\10278\hotspot\src\share\vm\prims\jni.cpp, line 735]
Event: 10.847 Thread 0x0000000018128800 Exception <a 'java/lang/ClassNotFoundException': [Lorg/gradle/api/artifacts/Configuration;BeanInfo> (0x00000000ef595468) thrown at [C:\re\workspace\8-2-build-windows-amd64-cygwin\jdk8u162\10278\hotspot\src\share\vm\prims\jni.cpp, line 735]
Event: 10.847 Thread 0x0000000018128800 Exception <a 'java/lang/ClassNotFoundException': [Lorg/gradle/api/artifacts/Configuration;Customizer> (0x00000000ef596178) thrown at [C:\re\workspace\8-2-build-windows-amd64-cygwin\jdk8u162\10278\hotspot\src\share\vm\prims\jni.cpp, line 735]
Event: 10.847 Thread 0x0000000018128800 Exception <a 'java/lang/ClassNotFoundException': [Lorg/gradle/api/artifacts/Configuration;Customizer> (0x00000000ef596bb8) thrown at [C:\re\workspace\8-2-build-windows-amd64-cygwin\jdk8u162\10278\hotspot\src\share\vm\prims\jni.cpp, line 735]
Event: 10.847 Thread 0x0000000018128800 Exception <a 'java/lang/ClassNotFoundException': [Lorg/gradle/api/artifacts/Configuration;Customizer> (0x00000000ef5975f8) thrown at [C:\re\workspace\8-2-build-windows-amd64-cygwin\jdk8u162\10278\hotspot\src\share\vm\prims\jni.cpp, line 735]

Events (10 events):
Event: 10.842 loading class org/grails/gradle/plugin/core/GrailsGradlePlugin$_createPathingJarTask_closure20
Event: 10.842 loading class org/grails/gradle/plugin/core/GrailsGradlePlugin$_createPathingJarTask_closure20 done
Event: 10.844 loading class groovy/runtime/metaclass/org/grails/gradle/plugin/core/GrailsGradlePlugin$_createPathingJarTask_closure20MetaClass
Event: 10.844 loading class groovy/runtime/metaclass/org/grails/gradle/plugin/core/GrailsGradlePlugin$_createPathingJarTask_closure20MetaClass done
Event: 10.845 loading class org/grails/gradle/plugin/core/GrailsGradlePlugin$_createPathingJarTask_closure20$_closure40
Event: 10.845 loading class org/grails/gradle/plugin/core/GrailsGradlePlugin$_createPathingJarTask_closure20$_closure40 done
Event: 10.846 loading class groovy/runtime/metaclass/org/grails/gradle/plugin/core/GrailsGradlePlugin$_createPathingJarTask_closure20$_closure40MetaClass
Event: 10.846 loading class groovy/runtime/metaclass/org/grails/gradle/plugin/core/GrailsGradlePlugin$_createPathingJarTask_closure20$_closure40MetaClass done
Event: 10.847 loading class org/codehaus/groovy/runtime/dgm$159
Event: 10.847 loading class org/codehaus/groovy/runtime/dgm$159 done


Dynamic libraries:
0x00007ff7eb980000 - 0x00007ff7eb9b7000 	C:\Program Files\Java\jdk1.8.0_162\bin\java.exe
0x00007ffe8de90000 - 0x00007ffe8e071000 	C:\WINDOWS\SYSTEM32\ntdll.dll
0x00007ffe8d9f0000 - 0x00007ffe8daa2000 	C:\WINDOWS\System32\KERNEL32.DLL
0x00007ffe8a280000 - 0x00007ffe8a4f3000 	C:\WINDOWS\System32\KERNELBASE.dll
0x00007ffe8d8d0000 - 0x00007ffe8d971000 	C:\WINDOWS\System32\ADVAPI32.dll
0x00007ffe8b320000 - 0x00007ffe8b3be000 	C:\WINDOWS\System32\msvcrt.dll
0x00007ffe8b3c0000 - 0x00007ffe8b41b000 	C:\WINDOWS\System32\sechost.dll
0x00007ffe8d590000 - 0x00007ffe8d6b4000 	C:\WINDOWS\System32\RPCRT4.dll
0x00007ffe8dab0000 - 0x00007ffe8dc40000 	C:\WINDOWS\System32\USER32.dll
0x00007ffe8a260000 - 0x00007ffe8a280000 	C:\WINDOWS\System32\win32u.dll
0x00007ffe8d720000 - 0x00007ffe8d748000 	C:\WINDOWS\System32\GDI32.dll
0x00007ffe8b130000 - 0x00007ffe8b2c2000 	C:\WINDOWS\System32\gdi32full.dll
0x00007ffe8a500000 - 0x00007ffe8a59f000 	C:\WINDOWS\System32\msvcp_win.dll
0x00007ffe8afd0000 - 0x00007ffe8b0ca000 	C:\WINDOWS\System32\ucrtbase.dll
0x00007ffe7d1e0000 - 0x00007ffe7d449000 	C:\WINDOWS\WinSxS\amd64_microsoft.windows.common-controls_6595b64144ccf1df_6.0.17134.345_none_fb429a5930656358\COMCTL32.dll
0x00007ffe8ceb0000 - 0x00007ffe8d1d3000 	C:\WINDOWS\System32\combase.dll
0x00007ffe8af50000 - 0x00007ffe8afca000 	C:\WINDOWS\System32\bcryptPrimitives.dll
0x00007ffe8d400000 - 0x00007ffe8d42d000 	C:\WINDOWS\System32\IMM32.DLL
0x00000000635c0000 - 0x0000000063691000 	C:\Program Files\Java\jdk1.8.0_162\jre\bin\msvcr100.dll
0x0000000061e10000 - 0x00000000626b0000 	C:\Program Files\Java\jdk1.8.0_162\jre\bin\server\jvm.dll
0x00007ffe8d430000 - 0x00007ffe8d438000 	C:\WINDOWS\System32\PSAPI.DLL
0x00007ffe7dde0000 - 0x00007ffe7ddea000 	C:\WINDOWS\SYSTEM32\VERSION.dll
0x00007ffe88dd0000 - 0x00007ffe88dd9000 	C:\WINDOWS\SYSTEM32\WSOCK32.dll
0x00007ffe7e0a0000 - 0x00007ffe7e0c3000 	C:\WINDOWS\SYSTEM32\WINMM.dll
0x00007ffe8d980000 - 0x00007ffe8d9ec000 	C:\WINDOWS\System32\WS2_32.dll
0x00007ffe7e070000 - 0x00007ffe7e09a000 	C:\WINDOWS\SYSTEM32\WINMMBASE.dll
0x00007ffe8b2d0000 - 0x00007ffe8b319000 	C:\WINDOWS\System32\cfgmgr32.dll
0x00000000635b0000 - 0x00000000635bf000 	C:\Program Files\Java\jdk1.8.0_162\jre\bin\verify.dll
0x0000000063580000 - 0x00000000635a9000 	C:\Program Files\Java\jdk1.8.0_162\jre\bin\java.dll
0x0000000063500000 - 0x0000000063516000 	C:\Program Files\Java\jdk1.8.0_162\jre\bin\zip.dll
0x00007ffe8ba70000 - 0x00007ffe8ceaf000 	C:\WINDOWS\System32\SHELL32.dll
0x00007ffe8d1f0000 - 0x00007ffe8d299000 	C:\WINDOWS\System32\shcore.dll
0x00007ffe8a5a0000 - 0x00007ffe8acad000 	C:\WINDOWS\System32\windows.storage.dll
0x00007ffe8b430000 - 0x00007ffe8b481000 	C:\WINDOWS\System32\shlwapi.dll
0x00007ffe8a1b0000 - 0x00007ffe8a1c1000 	C:\WINDOWS\System32\kernel.appcore.dll
0x00007ffe8a240000 - 0x00007ffe8a25f000 	C:\WINDOWS\System32\profapi.dll
0x00007ffe8a1f0000 - 0x00007ffe8a23c000 	C:\WINDOWS\System32\powrprof.dll
0x00007ffe8a1a0000 - 0x00007ffe8a1aa000 	C:\WINDOWS\System32\FLTLIB.DLL
0x00000000634e0000 - 0x00000000634fa000 	C:\Program Files\Java\jdk1.8.0_162\jre\bin\net.dll
0x00007ffe899c0000 - 0x00007ffe89a26000 	C:\WINDOWS\system32\mswsock.dll
0x00000000634c0000 - 0x00000000634d1000 	C:\Program Files\Java\jdk1.8.0_162\jre\bin\nio.dll
0x00007ffe81890000 - 0x00007ffe818ae000 	C:\Users\EmilioFerreiras\.gradle\native\25\windows-amd64\native-platform.dll
0x00007ffe89b70000 - 0x00007ffe89b87000 	C:\WINDOWS\SYSTEM32\CRYPTSP.dll
0x00007ffe895a0000 - 0x00007ffe895d3000 	C:\WINDOWS\system32\rsaenh.dll
0x00007ffe89ca0000 - 0x00007ffe89cc5000 	C:\WINDOWS\SYSTEM32\bcrypt.dll
0x00007ffe8a0a0000 - 0x00007ffe8a0c8000 	C:\WINDOWS\SYSTEM32\USERENV.dll
0x00007ffe89b90000 - 0x00007ffe89b9b000 	C:\WINDOWS\SYSTEM32\CRYPTBASE.dll
0x00007ffe89740000 - 0x00007ffe89778000 	C:\WINDOWS\SYSTEM32\IPHLPAPI.DLL
0x00007ffe8b420000 - 0x00007ffe8b428000 	C:\WINDOWS\System32\NSI.dll
0x00007ffe83230000 - 0x00007ffe83246000 	C:\WINDOWS\SYSTEM32\dhcpcsvc6.DLL
0x00007ffe834e0000 - 0x00007ffe834fa000 	C:\WINDOWS\SYSTEM32\dhcpcsvc.DLL
0x0000000063570000 - 0x000000006357d000 	C:\Program Files\Java\jdk1.8.0_162\jre\bin\management.dll

VM Arguments:
jvm_args: -XX:MaxPermSize=256m -XX:+HeapDumpOnOutOfMemoryError -Xmx1024m -Dfile.encoding=UTF-8 -Duser.country=US -Duser.language=en -Duser.variant 
java_command: org.gradle.launcher.daemon.bootstrap.GradleDaemon 3.5
java_class_path (initial): C:\Users\EmilioFerreiras\.gradle\wrapper\dists\gradle-3.5-all\exhrs6ca08n232b14ue48lbye\gradle-3.5\lib\gradle-launcher-3.5.jar
Launcher Type: SUN_STANDARD

Environment Variables:
CLASSPATH=C:\Users\EmilioFerreiras\Downloads\libsvm-3.22\libsvm-3.22\java\ libsvm.jar
PATH=C:\ProgramData\ComposerSetup\bin;C:\WINDOWS\system32;C:\WINDOWS;C:\WINDOWS\System32\Wbem;C:\WINDOWS\System32\WindowsPowerShell\v1.0\;C:\WINDOWS\System32\OpenSSH\;C:\Program Files\Java\jre1.8.0_162\bin;C:\Users\EmilioFerreiras\AppData\Local\Programs\Python\Python36\;C:\php\composer\vendor\bin;C:\laragon\bin;C:\laragon\bin\composer;C:\laragon\bin\git\bin;C:\laragon\bin\git\cmd;C:\laragon\bin\git\mingw32\bin;C:\laragon\bin\git\usr\bin;C:\laragon\bin\memcached\memcached-1.4.5;C:\laragon\bin\mysql\mariadb-10.2.3-win32\bin;C:\laragon\bin\nginx\nginx-1.10.1;C:\laragon\bin\ngrok;C:\laragon\bin\nodejs;C:\laragon\bin\notepad++;C:\laragon\bin\php\php-7.2.4-nts-Win32-VC15-x64;C:\laragon\bin\putty;C:\laragon\bin\redis\redis-x64-3.2.100;C:\laragon\bin\sendmail;C:\laragon\bin\telnet;C:\laragon\bin\winscp;C:\laragon\bin\yarn\bin;C:\laragon\usr\bin;C:\Users\EmilioFerreiras\AppData\Local\Yarn\config\global\node_modules\.bin;C:\Users\EmilioFerreiras\AppData\Roaming\Composer\vendor\bin;C:\Users\EmilioFerreiras\AppData\Roaming\npm;C:\Users\EmilioFerreiras\AppData\Local\GitHubDesktop\bin;C:\Users\EmilioFerreiras\AppData\Local\Microsoft\WindowsApps;C:\Program Files\heroku\bin
USERNAME=EmilioFerreiras
OS=Windows_NT
PROCESSOR_IDENTIFIER=Intel64 Family 6 Model 61 Stepping 4, GenuineIntel



---------------  S Y S T E M  ---------------

OS: Windows 10.0 , 64 bit Build 17134 (10.0.17134.1)

CPU:total 4 (initial active 4) (2 cores per cpu, 2 threads per core) family 6 model 61 stepping 4, cmov, cx8, fxsr, mmx, sse, sse2, sse3, ssse3, sse4.1, sse4.2, popcnt, avx, avx2, aes, clmul, erms, 3dnowpref, lzcnt, ht, tsc, tscinvbit, bmi1, bmi2, adx

Memory: 4k page, physical 8289032k(788368k free), swap 15704660k(5904k free)

vm_info: Java HotSpot(TM) 64-Bit Server VM (25.162-b12) for windows-amd64 JRE (1.8.0_162-b12), built on Dec 19 2017 20:00:03 by "java_re" with MS VC++ 10.0 (VS2010)

time: Thu Nov 15 16:45:09 2018
elapsed time: 11 seconds (0d 0h 0m 11s)

